{"time":"2024-06-07T14:29:58.0517911+09:00","level":"INFO","msg":"starting gRPC unary","crawlerId":2}
{"time":"2024-06-07T14:29:58.0517911+09:00","level":"INFO","msg":"starting gRPC unary","crawlerId":0}
{"time":"2024-06-07T14:29:58.0517911+09:00","level":"INFO","msg":"starting gRPC unary","crawlerId":1}
{"time":"2024-06-07T14:29:58.0805389+09:00","level":"INFO","msg":"finished gRPC unary","crawlerId":2}
{"time":"2024-06-07T14:29:58.0805389+09:00","level":"INFO","msg":"finished gRPC unary","crawlerId":1}
{"time":"2024-06-07T14:29:58.0805389+09:00","level":"INFO","msg":"finished gRPC unary","crawlerId":0}
{"time":"2024-06-07T14:29:58.0805389+09:00","level":"INFO","msg":"Init Done","crawler":"kurleyCrawler","db_log":"Succeed"}
{"time":"2024-06-07T14:29:58.0816796+09:00","level":"INFO","msg":"Init Done","crawler":"lineCrawler","db_log":"Succeed"}
{"time":"2024-06-07T14:29:58.0811759+09:00","level":"INFO","msg":"Init Done","crawler":"mercariCrawler","db_log":"Succeed"}
{"time":"2024-06-07T14:29:58.2752219+09:00","level":"INFO","msg":"starting gRPC client streaming","crawlerId":0}
{"time":"2024-06-07T14:29:58.434162+09:00","level":"INFO","msg":"finished gRPC client streaming","crawlerId":0}
{"time":"2024-06-07T14:29:58.4348487+09:00","level":"INFO","msg":"Done","crawler":"lineCrawler","results":{"newly posted":44,"updated":44}}
{"time":"2024-06-07T14:29:58.5375998+09:00","level":"INFO","msg":"starting gRPC bidirectional streaming","crawlerId":2}
{"time":"2024-06-07T14:29:58.6891193+09:00","level":"INFO","msg":"finished gRPC bidirectional streaming","crawlerId":2}
{"time":"2024-06-07T14:29:58.6892787+09:00","level":"INFO","msg":"Done","crawler":"kurleyCrawler","results":{"newly posted":43,"updated":43}}
{"time":"2024-06-07T14:29:58.7797521+09:00","level":"INFO","msg":"starting gRPC bidirectional streaming","crawlerId":1}
{"time":"2024-06-07T14:29:59.0452477+09:00","level":"INFO","msg":"finished gRPC bidirectional streaming","crawlerId":1}
{"time":"2024-06-07T14:29:59.0457528+09:00","level":"INFO","msg":"Done","crawler":"mercariCrawler","results":{"newly posted":100,"updated":100}}
{"time":"2024-06-07T14:29:59.0457528+09:00","level":"INFO","msg":"starting gRPC server streaming"}
{"time":"2024-06-07T14:29:59.0602913+09:00","level":"INFO","msg":"finished gRPC server streaming"}
