{"time":"2024-06-06T06:17:05.5889064+09:00","level":"INFO","msg":"starting gRPC unary"}
{"time":"2024-06-06T06:17:05.6320678+09:00","level":"INFO","msg":"Init Done","crawler":"lineCrawler","db_log":"Succeed"}
{"time":"2024-06-06T06:17:05.8954076+09:00","level":"INFO","msg":"starting gRPC client streaming","crawler":"lineCrawler","db_log":"Succeed"}
{"time":"2024-06-06T06:17:06.1105019+09:00","level":"INFO","msg":"Done","crawler":"lineCrawler","results":{"newly posted":44,"updated":44}}
{"time":"2024-06-06T06:17:06.1110196+09:00","level":"INFO","msg":"starting gRPC unary","crawler":"lineCrawler","results":{"newly posted":44,"updated":44}}
{"time":"2024-06-06T06:17:06.1168003+09:00","level":"INFO","msg":"Init Done","crawler":"mercariCrawler","db_log":"Succeed"}
{"time":"2024-06-06T06:17:07.0012455+09:00","level":"INFO","msg":"starting gRPC bidirectional streaming","crawler":"mercariCrawler","db_log":"Succeed"}
{"time":"2024-06-06T06:17:07.0077815+09:00","level":"INFO","msg":"Succeed","crawler":"mercariCrawler","db_log":"Succeed"}
{"time":"2024-06-06T06:17:07.0102924+09:00","level":"INFO","msg":"Succeed","crawler":"mercariCrawler","db_log":"Succeed"}
{"time":"2024-06-06T06:17:07.0132898+09:00","level":"INFO","msg":"Succeed","crawler":"mercariCrawler","db_log":"Succeed"}
{"time":"2024-06-06T06:17:07.0168411+09:00","level":"INFO","msg":"Succeed","crawler":"mercariCrawler","db_log":"Succeed"}
{"time":"2024-06-06T06:17:07.0205422+09:00","level":"INFO","msg":"Succeed","crawler":"mercariCrawler","db_log":"Succeed"}
{"time":"2024-06-06T06:17:07.023985+09:00","level":"INFO","msg":"Succeed","crawler":"mercariCrawler","db_log":"Succeed"}
{"time":"2024-06-06T06:17:07.0265143+09:00","level":"INFO","msg":"Succeed","crawler":"mercariCrawler","db_log":"Succeed"}
{"time":"2024-06-06T06:17:07.0290682+09:00","level":"INFO","msg":"Succeed","crawler":"mercariCrawler","db_log":"Succeed"}
{"time":"2024-06-06T06:17:07.0334509+09:00","level":"INFO","msg":"Succeed","crawler":"mercariCrawler","db_log":"Succeed"}
{"time":"2024-06-06T06:17:07.0360345+09:00","level":"INFO","msg":"Succeed","crawler":"mercariCrawler","db_log":"Succeed"}
{"time":"2024-06-06T06:17:07.0396213+09:00","level":"INFO","msg":"Succeed","crawler":"mercariCrawler","db_log":"Succeed"}
{"time":"2024-06-06T06:17:07.0436162+09:00","level":"INFO","msg":"Succeed","crawler":"mercariCrawler","db_log":"Succeed"}
{"time":"2024-06-06T06:17:07.0466817+09:00","level":"INFO","msg":"Succeed","crawler":"mercariCrawler","db_log":"Succeed"}
{"time":"2024-06-06T06:17:07.0490969+09:00","level":"INFO","msg":"Succeed","crawler":"mercariCrawler","db_log":"Succeed"}
{"time":"2024-06-06T06:17:07.0518566+09:00","level":"INFO","msg":"Succeed","crawler":"mercariCrawler","db_log":"Succeed"}
{"time":"2024-06-06T06:17:07.0556106+09:00","level":"INFO","msg":"Succeed","crawler":"mercariCrawler","db_log":"Succeed"}
{"time":"2024-06-06T06:17:07.0585835+09:00","level":"INFO","msg":"Succeed","crawler":"mercariCrawler","db_log":"Succeed"}
{"time":"2024-06-06T06:17:07.0614896+09:00","level":"INFO","msg":"Succeed","crawler":"mercariCrawler","db_log":"Succeed"}
{"time":"2024-06-06T06:17:07.0650497+09:00","level":"INFO","msg":"Succeed","crawler":"mercariCrawler","db_log":"Succeed"}
{"time":"2024-06-06T06:17:07.0677334+09:00","level":"INFO","msg":"Succeed","crawler":"mercariCrawler","db_log":"Succeed"}
{"time":"2024-06-06T06:17:07.072359+09:00","level":"INFO","msg":"Succeed","crawler":"mercariCrawler","db_log":"Succeed"}
{"time":"2024-06-06T06:17:07.0753768+09:00","level":"INFO","msg":"Succeed","crawler":"mercariCrawler","db_log":"Succeed"}
{"time":"2024-06-06T06:17:07.0785057+09:00","level":"INFO","msg":"Succeed","crawler":"mercariCrawler","db_log":"Succeed"}
{"time":"2024-06-06T06:17:07.0818947+09:00","level":"INFO","msg":"Succeed","crawler":"mercariCrawler","db_log":"Succeed"}
{"time":"2024-06-06T06:17:07.0851977+09:00","level":"INFO","msg":"Succeed","crawler":"mercariCrawler","db_log":"Succeed"}
{"time":"2024-06-06T06:17:07.0887534+09:00","level":"INFO","msg":"Succeed","crawler":"mercariCrawler","db_log":"Succeed"}
{"time":"2024-06-06T06:17:07.0927972+09:00","level":"INFO","msg":"Succeed","crawler":"mercariCrawler","db_log":"Succeed"}
{"time":"2024-06-06T06:17:07.0955965+09:00","level":"INFO","msg":"Succeed","crawler":"mercariCrawler","db_log":"Succeed"}
{"time":"2024-06-06T06:17:07.098312+09:00","level":"INFO","msg":"Succeed","crawler":"mercariCrawler","db_log":"Succeed"}
{"time":"2024-06-06T06:17:07.1011345+09:00","level":"INFO","msg":"Succeed","crawler":"mercariCrawler","db_log":"Succeed"}
{"time":"2024-06-06T06:17:07.1036539+09:00","level":"INFO","msg":"Succeed","crawler":"mercariCrawler","db_log":"Succeed"}
{"time":"2024-06-06T06:17:07.1081837+09:00","level":"INFO","msg":"Succeed","crawler":"mercariCrawler","db_log":"Succeed"}
{"time":"2024-06-06T06:17:07.1118787+09:00","level":"INFO","msg":"Succeed","crawler":"mercariCrawler","db_log":"Succeed"}
{"time":"2024-06-06T06:17:07.1154583+09:00","level":"INFO","msg":"Succeed","crawler":"mercariCrawler","db_log":"Succeed"}
{"time":"2024-06-06T06:17:07.1196099+09:00","level":"INFO","msg":"Succeed","crawler":"mercariCrawler","db_log":"Succeed"}
{"time":"2024-06-06T06:17:07.1235762+09:00","level":"INFO","msg":"Succeed","crawler":"mercariCrawler","db_log":"Succeed"}
{"time":"2024-06-06T06:17:07.1266253+09:00","level":"INFO","msg":"Succeed","crawler":"mercariCrawler","db_log":"Succeed"}
{"time":"2024-06-06T06:17:07.1294882+09:00","level":"INFO","msg":"Succeed","crawler":"mercariCrawler","db_log":"Succeed"}
{"time":"2024-06-06T06:17:07.1328041+09:00","level":"INFO","msg":"Succeed","crawler":"mercariCrawler","db_log":"Succeed"}
{"time":"2024-06-06T06:17:07.1368358+09:00","level":"INFO","msg":"Succeed","crawler":"mercariCrawler","db_log":"Succeed"}
{"time":"2024-06-06T06:17:07.1396225+09:00","level":"INFO","msg":"Succeed","crawler":"mercariCrawler","db_log":"Succeed"}
{"time":"2024-06-06T06:17:07.1427637+09:00","level":"INFO","msg":"Succeed","crawler":"mercariCrawler","db_log":"Succeed"}
{"time":"2024-06-06T06:17:07.1464096+09:00","level":"INFO","msg":"Succeed","crawler":"mercariCrawler","db_log":"Succeed"}
{"time":"2024-06-06T06:17:07.1488553+09:00","level":"INFO","msg":"Succeed","crawler":"mercariCrawler","db_log":"Succeed"}
{"time":"2024-06-06T06:17:07.1516821+09:00","level":"INFO","msg":"Succeed","crawler":"mercariCrawler","db_log":"Succeed"}
{"time":"2024-06-06T06:17:07.1564452+09:00","level":"INFO","msg":"Succeed","crawler":"mercariCrawler","db_log":"Succeed"}
{"time":"2024-06-06T06:17:07.1600954+09:00","level":"INFO","msg":"Succeed","crawler":"mercariCrawler","db_log":"Succeed"}
{"time":"2024-06-06T06:17:07.1634561+09:00","level":"INFO","msg":"Succeed","crawler":"mercariCrawler","db_log":"Succeed"}
{"time":"2024-06-06T06:17:07.1669496+09:00","level":"INFO","msg":"Succeed","crawler":"mercariCrawler","db_log":"Succeed"}
{"time":"2024-06-06T06:17:07.170577+09:00","level":"INFO","msg":"Succeed","crawler":"mercariCrawler","db_log":"Succeed"}
{"time":"2024-06-06T06:17:07.1745384+09:00","level":"INFO","msg":"Succeed","crawler":"mercariCrawler","db_log":"Succeed"}
{"time":"2024-06-06T06:17:07.178598+09:00","level":"INFO","msg":"Succeed","crawler":"mercariCrawler","db_log":"Succeed"}
{"time":"2024-06-06T06:17:07.1821428+09:00","level":"INFO","msg":"Succeed","crawler":"mercariCrawler","db_log":"Succeed"}
{"time":"2024-06-06T06:17:07.1858813+09:00","level":"INFO","msg":"Succeed","crawler":"mercariCrawler","db_log":"Succeed"}
{"time":"2024-06-06T06:17:07.1895093+09:00","level":"INFO","msg":"Succeed","crawler":"mercariCrawler","db_log":"Succeed"}
{"time":"2024-06-06T06:17:07.1931228+09:00","level":"INFO","msg":"Succeed","crawler":"mercariCrawler","db_log":"Succeed"}
{"time":"2024-06-06T06:17:07.1975501+09:00","level":"INFO","msg":"Succeed","crawler":"mercariCrawler","db_log":"Succeed"}
{"time":"2024-06-06T06:17:07.2013005+09:00","level":"INFO","msg":"Succeed","crawler":"mercariCrawler","db_log":"Succeed"}
{"time":"2024-06-06T06:17:07.2052864+09:00","level":"INFO","msg":"Succeed","crawler":"mercariCrawler","db_log":"Succeed"}
{"time":"2024-06-06T06:17:07.2093589+09:00","level":"INFO","msg":"Succeed","crawler":"mercariCrawler","db_log":"Succeed"}
{"time":"2024-06-06T06:17:07.2130719+09:00","level":"INFO","msg":"Succeed","crawler":"mercariCrawler","db_log":"Succeed"}
{"time":"2024-06-06T06:17:07.21631+09:00","level":"INFO","msg":"Succeed","crawler":"mercariCrawler","db_log":"Succeed"}
{"time":"2024-06-06T06:17:07.2190669+09:00","level":"INFO","msg":"Succeed","crawler":"mercariCrawler","db_log":"Succeed"}
{"time":"2024-06-06T06:17:07.2225407+09:00","level":"INFO","msg":"Succeed","crawler":"mercariCrawler","db_log":"Succeed"}
{"time":"2024-06-06T06:17:07.2262956+09:00","level":"INFO","msg":"Succeed","crawler":"mercariCrawler","db_log":"Succeed"}
{"time":"2024-06-06T06:17:07.2302863+09:00","level":"INFO","msg":"Succeed","crawler":"mercariCrawler","db_log":"Succeed"}
{"time":"2024-06-06T06:17:07.23351+09:00","level":"INFO","msg":"Succeed","crawler":"mercariCrawler","db_log":"Succeed"}
{"time":"2024-06-06T06:17:07.2367538+09:00","level":"INFO","msg":"Succeed","crawler":"mercariCrawler","db_log":"Succeed"}
{"time":"2024-06-06T06:17:07.2408786+09:00","level":"INFO","msg":"Succeed","crawler":"mercariCrawler","db_log":"Succeed"}
{"time":"2024-06-06T06:17:07.2457904+09:00","level":"INFO","msg":"Succeed","crawler":"mercariCrawler","db_log":"Succeed"}
{"time":"2024-06-06T06:17:07.2508208+09:00","level":"INFO","msg":"Succeed","crawler":"mercariCrawler","db_log":"Succeed"}
{"time":"2024-06-06T06:17:07.2550298+09:00","level":"INFO","msg":"Succeed","crawler":"mercariCrawler","db_log":"Succeed"}
{"time":"2024-06-06T06:17:07.2598761+09:00","level":"INFO","msg":"Succeed","crawler":"mercariCrawler","db_log":"Succeed"}
{"time":"2024-06-06T06:17:07.2643762+09:00","level":"INFO","msg":"Succeed","crawler":"mercariCrawler","db_log":"Succeed"}
{"time":"2024-06-06T06:17:07.2687857+09:00","level":"INFO","msg":"Succeed","crawler":"mercariCrawler","db_log":"Succeed"}
{"time":"2024-06-06T06:17:07.2744957+09:00","level":"INFO","msg":"Succeed","crawler":"mercariCrawler","db_log":"Succeed"}
{"time":"2024-06-06T06:17:07.278777+09:00","level":"INFO","msg":"Succeed","crawler":"mercariCrawler","db_log":"Succeed"}
{"time":"2024-06-06T06:17:07.2825495+09:00","level":"INFO","msg":"Succeed","crawler":"mercariCrawler","db_log":"Succeed"}
{"time":"2024-06-06T06:17:07.2867671+09:00","level":"INFO","msg":"Succeed","crawler":"mercariCrawler","db_log":"Succeed"}
{"time":"2024-06-06T06:17:07.2911912+09:00","level":"INFO","msg":"Succeed","crawler":"mercariCrawler","db_log":"Succeed"}
{"time":"2024-06-06T06:17:07.2953032+09:00","level":"INFO","msg":"Succeed","crawler":"mercariCrawler","db_log":"Succeed"}
{"time":"2024-06-06T06:17:07.2999201+09:00","level":"INFO","msg":"Succeed","crawler":"mercariCrawler","db_log":"Succeed"}
{"time":"2024-06-06T06:17:07.3053796+09:00","level":"INFO","msg":"Succeed","crawler":"mercariCrawler","db_log":"Succeed"}
{"time":"2024-06-06T06:17:07.3100114+09:00","level":"INFO","msg":"Succeed","crawler":"mercariCrawler","db_log":"Succeed"}
{"time":"2024-06-06T06:17:07.3138304+09:00","level":"INFO","msg":"Succeed","crawler":"mercariCrawler","db_log":"Succeed"}
{"time":"2024-06-06T06:17:07.3176709+09:00","level":"INFO","msg":"Succeed","crawler":"mercariCrawler","db_log":"Succeed"}
{"time":"2024-06-06T06:17:07.3254622+09:00","level":"INFO","msg":"Succeed","crawler":"mercariCrawler","db_log":"Succeed"}
{"time":"2024-06-06T06:17:07.3299256+09:00","level":"INFO","msg":"Succeed","crawler":"mercariCrawler","db_log":"Succeed"}
{"time":"2024-06-06T06:17:07.3333636+09:00","level":"INFO","msg":"Succeed","crawler":"mercariCrawler","db_log":"Succeed"}
{"time":"2024-06-06T06:17:07.3367715+09:00","level":"INFO","msg":"Succeed","crawler":"mercariCrawler","db_log":"Succeed"}
{"time":"2024-06-06T06:17:07.3408814+09:00","level":"INFO","msg":"Succeed","crawler":"mercariCrawler","db_log":"Succeed"}
{"time":"2024-06-06T06:17:07.3437611+09:00","level":"INFO","msg":"Succeed","crawler":"mercariCrawler","db_log":"Succeed"}
{"time":"2024-06-06T06:17:07.3474908+09:00","level":"INFO","msg":"Succeed","crawler":"mercariCrawler","db_log":"Succeed"}
{"time":"2024-06-06T06:17:07.3514627+09:00","level":"INFO","msg":"Succeed","crawler":"mercariCrawler","db_log":"Succeed"}
{"time":"2024-06-06T06:17:07.3556557+09:00","level":"INFO","msg":"Succeed","crawler":"mercariCrawler","db_log":"Succeed"}
{"time":"2024-06-06T06:17:07.3595915+09:00","level":"INFO","msg":"Succeed","crawler":"mercariCrawler","db_log":"Succeed"}
{"time":"2024-06-06T06:17:07.363459+09:00","level":"INFO","msg":"Succeed","crawler":"mercariCrawler","db_log":"Succeed"}
{"time":"2024-06-06T06:17:07.3678867+09:00","level":"INFO","msg":"Succeed","crawler":"mercariCrawler","db_log":"Succeed"}
{"time":"2024-06-06T06:17:07.372139+09:00","level":"INFO","msg":"Succeed","crawler":"mercariCrawler","db_log":"Succeed"}
{"time":"2024-06-06T06:17:07.3762807+09:00","level":"INFO","msg":"Succeed","crawler":"mercariCrawler","db_log":"Succeed"}
{"time":"2024-06-06T06:17:07.3773623+09:00","level":"INFO","msg":"Done","crawler":"mercariCrawler","results":{"newly posted":100,"updated":100}}
{"time":"2024-06-06T06:17:07.3773623+09:00","level":"INFO","msg":"starting gRPC unary","crawler":"mercariCrawler","results":{"newly posted":100,"updated":100}}
{"time":"2024-06-06T06:17:07.382111+09:00","level":"INFO","msg":"Init Done","crawler":"kurleyCrawler","db_log":"Succeed"}
{"time":"2024-06-06T06:17:07.9492952+09:00","level":"INFO","msg":"starting gRPC bidirectional streaming","crawler":"kurleyCrawler","db_log":"Succeed"}
{"time":"2024-06-06T06:17:07.9568684+09:00","level":"INFO","msg":"Succeed","crawler":"kurleyCrawler","db_log":"Succeed"}
{"time":"2024-06-06T06:17:07.9632127+09:00","level":"INFO","msg":"Succeed","crawler":"kurleyCrawler","db_log":"Succeed"}
{"time":"2024-06-06T06:17:07.9710898+09:00","level":"INFO","msg":"Succeed","crawler":"kurleyCrawler","db_log":"Succeed"}
{"time":"2024-06-06T06:17:07.9755621+09:00","level":"INFO","msg":"Succeed","crawler":"kurleyCrawler","db_log":"Succeed"}
{"time":"2024-06-06T06:17:07.9822221+09:00","level":"INFO","msg":"Succeed","crawler":"kurleyCrawler","db_log":"Succeed"}
{"time":"2024-06-06T06:17:07.9864848+09:00","level":"INFO","msg":"Succeed","crawler":"kurleyCrawler","db_log":"Succeed"}
{"time":"2024-06-06T06:17:07.9908574+09:00","level":"INFO","msg":"Succeed","crawler":"kurleyCrawler","db_log":"Succeed"}
{"time":"2024-06-06T06:17:07.9959344+09:00","level":"INFO","msg":"Succeed","crawler":"kurleyCrawler","db_log":"Succeed"}
{"time":"2024-06-06T06:17:08.000508+09:00","level":"INFO","msg":"Succeed","crawler":"kurleyCrawler","db_log":"Succeed"}
{"time":"2024-06-06T06:17:08.004933+09:00","level":"INFO","msg":"Succeed","crawler":"kurleyCrawler","db_log":"Succeed"}
{"time":"2024-06-06T06:17:08.0090004+09:00","level":"INFO","msg":"Succeed","crawler":"kurleyCrawler","db_log":"Succeed"}
{"time":"2024-06-06T06:17:08.0140388+09:00","level":"INFO","msg":"Succeed","crawler":"kurleyCrawler","db_log":"Succeed"}
{"time":"2024-06-06T06:17:08.0178034+09:00","level":"INFO","msg":"Succeed","crawler":"kurleyCrawler","db_log":"Succeed"}
{"time":"2024-06-06T06:17:08.0219448+09:00","level":"INFO","msg":"Succeed","crawler":"kurleyCrawler","db_log":"Succeed"}
{"time":"2024-06-06T06:17:08.0263871+09:00","level":"INFO","msg":"Succeed","crawler":"kurleyCrawler","db_log":"Succeed"}
{"time":"2024-06-06T06:17:08.0312509+09:00","level":"INFO","msg":"Succeed","crawler":"kurleyCrawler","db_log":"Succeed"}
{"time":"2024-06-06T06:17:08.0362967+09:00","level":"INFO","msg":"Succeed","crawler":"kurleyCrawler","db_log":"Succeed"}
{"time":"2024-06-06T06:17:08.0401912+09:00","level":"INFO","msg":"Succeed","crawler":"kurleyCrawler","db_log":"Succeed"}
{"time":"2024-06-06T06:17:08.0442632+09:00","level":"INFO","msg":"Succeed","crawler":"kurleyCrawler","db_log":"Succeed"}
{"time":"2024-06-06T06:17:08.0484174+09:00","level":"INFO","msg":"Succeed","crawler":"kurleyCrawler","db_log":"Succeed"}
{"time":"2024-06-06T06:17:08.0528433+09:00","level":"INFO","msg":"Succeed","crawler":"kurleyCrawler","db_log":"Succeed"}
{"time":"2024-06-06T06:17:08.0577119+09:00","level":"INFO","msg":"Succeed","crawler":"kurleyCrawler","db_log":"Succeed"}
{"time":"2024-06-06T06:17:08.0626419+09:00","level":"INFO","msg":"Succeed","crawler":"kurleyCrawler","db_log":"Succeed"}
{"time":"2024-06-06T06:17:08.0668987+09:00","level":"INFO","msg":"Succeed","crawler":"kurleyCrawler","db_log":"Succeed"}
{"time":"2024-06-06T06:17:08.0718733+09:00","level":"INFO","msg":"Succeed","crawler":"kurleyCrawler","db_log":"Succeed"}
{"time":"2024-06-06T06:17:08.0785276+09:00","level":"INFO","msg":"Succeed","crawler":"kurleyCrawler","db_log":"Succeed"}
{"time":"2024-06-06T06:17:08.0826643+09:00","level":"INFO","msg":"Succeed","crawler":"kurleyCrawler","db_log":"Succeed"}
{"time":"2024-06-06T06:17:08.0880206+09:00","level":"INFO","msg":"Succeed","crawler":"kurleyCrawler","db_log":"Succeed"}
{"time":"2024-06-06T06:17:08.0945099+09:00","level":"INFO","msg":"Succeed","crawler":"kurleyCrawler","db_log":"Succeed"}
{"time":"2024-06-06T06:17:08.0992482+09:00","level":"INFO","msg":"Succeed","crawler":"kurleyCrawler","db_log":"Succeed"}
{"time":"2024-06-06T06:17:08.1054578+09:00","level":"INFO","msg":"Succeed","crawler":"kurleyCrawler","db_log":"Succeed"}
{"time":"2024-06-06T06:17:08.1098762+09:00","level":"INFO","msg":"Succeed","crawler":"kurleyCrawler","db_log":"Succeed"}
{"time":"2024-06-06T06:17:08.1141269+09:00","level":"INFO","msg":"Succeed","crawler":"kurleyCrawler","db_log":"Succeed"}
{"time":"2024-06-06T06:17:08.1172117+09:00","level":"INFO","msg":"Succeed","crawler":"kurleyCrawler","db_log":"Succeed"}
{"time":"2024-06-06T06:17:08.1223607+09:00","level":"INFO","msg":"Succeed","crawler":"kurleyCrawler","db_log":"Succeed"}
{"time":"2024-06-06T06:17:08.1253253+09:00","level":"INFO","msg":"Succeed","crawler":"kurleyCrawler","db_log":"Succeed"}
{"time":"2024-06-06T06:17:08.1290351+09:00","level":"INFO","msg":"Succeed","crawler":"kurleyCrawler","db_log":"Succeed"}
{"time":"2024-06-06T06:17:08.1329278+09:00","level":"INFO","msg":"Succeed","crawler":"kurleyCrawler","db_log":"Succeed"}
{"time":"2024-06-06T06:17:08.1363992+09:00","level":"INFO","msg":"Succeed","crawler":"kurleyCrawler","db_log":"Succeed"}
{"time":"2024-06-06T06:17:08.1396377+09:00","level":"INFO","msg":"Succeed","crawler":"kurleyCrawler","db_log":"Succeed"}
{"time":"2024-06-06T06:17:08.1424623+09:00","level":"INFO","msg":"Succeed","crawler":"kurleyCrawler","db_log":"Succeed"}
{"time":"2024-06-06T06:17:08.1458+09:00","level":"INFO","msg":"Succeed","crawler":"kurleyCrawler","db_log":"Succeed"}
{"time":"2024-06-06T06:17:08.1494794+09:00","level":"INFO","msg":"Succeed","crawler":"kurleyCrawler","db_log":"Succeed"}
{"time":"2024-06-06T06:17:08.1496704+09:00","level":"INFO","msg":"Done","crawler":"kurleyCrawler","results":{"newly posted":43,"updated":43}}
{"time":"2024-06-06T06:17:08.1501794+09:00","level":"INFO","msg":"starting gRPC server streaming","crawler":"kurleyCrawler","results":{"newly posted":43,"updated":43}}
